<?xml version="1.0" encoding="UTF-8"?>
<!-- Generated by org.testng.reporters.JUnitReportReporter -->
<testsuite hostname="DESKTOP-4EUR39O" failures="0" tests="1" name="scripts.Testcase3" time="7.982" errors="0" timestamp="2023-09-17T13:46:46 IST" skipped="0">
  <testcase classname="scripts.Testcase3" name="tc3" time="7.982"/>
</testsuite> <!-- scripts.Testcase3 -->
