<?xml version="1.0" encoding="UTF-8"?>
<!-- Generated by org.testng.reporters.JUnitReportReporter -->
<testsuite hostname="DESKTOP-4EUR39O" failures="0" tests="1" name="scripts.Testcase3" time="52.947" errors="0" timestamp="2023-09-18T13:12:44 IST" skipped="0">
  <testcase classname="scripts.Testcase3" name="tc3" time="52.947"/>
</testsuite> <!-- scripts.Testcase3 -->
