<?xml version="1.0" encoding="UTF-8"?>
<!-- Generated by org.testng.reporters.JUnitReportReporter -->
<testsuite hostname="DESKTOP-4EUR39O" failures="0" tests="1" name="scripts.Testcase2" time="12.477" errors="0" timestamp="2023-09-16T14:07:54 IST" skipped="0">
  <testcase classname="scripts.Testcase2" name="tc2" time="12.477"/>
</testsuite> <!-- scripts.Testcase2 -->
