<?xml version="1.0" encoding="UTF-8"?>
<!-- Generated by org.testng.reporters.JUnitReportReporter -->
<testsuite hostname="DESKTOP-4EUR39O" failures="0" tests="1" name="scripts.Testcase1" time="6.037" errors="0" timestamp="2023-09-18T13:12:44 IST" skipped="0">
  <testcase classname="scripts.Testcase1" name="tc1" time="6.037"/>
</testsuite> <!-- scripts.Testcase1 -->
