<?xml version="1.0" encoding="UTF-8"?>
<!-- Generated by org.testng.reporters.JUnitReportReporter -->
<testsuite hostname="DESKTOP-4EUR39O" failures="0" tests="1" name="scripts.Testcase2" time="10.089" errors="0" timestamp="2023-09-18T13:12:44 IST" skipped="0">
  <testcase classname="scripts.Testcase2" name="tc2" time="10.089"/>
</testsuite> <!-- scripts.Testcase2 -->
